**
(main.tex
LaTeX2e <2021-11-15> patch level 1
L3 programming layer <2022-02-24> (report.cls
Document Class: report 2021/10/04 v1.4n Standard LaTeX document class
(size12.clo
File: size12.clo 2021/10/04 v1.4n Standard LaTeX file (size option)
)
\c@part=\count181
\c@chapter=\count182
\c@section=\count183
\c@subsection=\count184
\c@subsubsection=\count185
\c@paragraph=\count186
\c@subparagraph=\count187
\c@figure=\count188
\c@table=\count189
\abovecaptionskip=\skip47
\belowcaptionskip=\skip48
\bibindent=\dimen138
) (fontspec.sty (xparse.sty (expl3.sty
Package: expl3 2022-02-24 L3 programming layer (loader) 
 (l3backend-xetex.def
File: l3backend-xetex.def 2022-02-07 L3 backend support: XeTeX
\c__kernel_sys_dvipdfmx_version_int=\count190
\l__color_backend_stack_int=\count191
\g__color_backend_stack_int=\count192
\g__graphics_track_int=\count193
\l__pdf_internal_box=\box50
\g__pdf_backend_object_int=\count194
\g__pdf_backend_annotation_int=\count195
\g__pdf_backend_link_int=\count196
))
Package: xparse 2022-01-12 L3 Experimental document command parser
)
Package: fontspec 2022/01/15 v2.8a Font selection for XeLaTeX and LuaLaTeX

(fontspec-xetex.sty
Package: fontspec-xetex 2022/01/15 v2.8a Font selection for XeLaTeX and LuaLaTe
X
\l__fontspec_script_int=\count197
\l__fontspec_language_int=\count198
\l__fontspec_strnum_int=\count199
\l__fontspec_tmp_int=\count266
\l__fontspec_tmpa_int=\count267
\l__fontspec_tmpb_int=\count268
\l__fontspec_tmpc_int=\count269
\l__fontspec_em_int=\count270
\l__fontspec_emdef_int=\count271
\l__fontspec_strong_int=\count272
\l__fontspec_strongdef_int=\count273
\l__fontspec_tmpa_dim=\dimen139
\l__fontspec_tmpb_dim=\dimen140
\l__fontspec_tmpc_dim=\dimen141
 (fontenc.sty
Package: fontenc 2021/04/29 v2.0v Standard LaTeX package
) (fontspec.cfg))) (polyglossia.sty
Package: polyglossia 2021/04/12 v1.53 Modern multilingual typesetting with XeLa
TeX and LuaLaTeX

(etoolbox.sty
Package: etoolbox 2020/10/05 v2.5k e-TeX tools for LaTeX (JAW)
\etb@tempcnta=\count274
) (makecmds.sty
Package: makecmds 2009/09/03 v1.0a extra command making commands
) (xkeyval.sty
Package: xkeyval 2020/11/20 v2.8 package option processing (HA)
 (xkeyval (xkvutils
\XKV@toks=\toks16
\XKV@tempa@toks=\toks17
 (keyval))
\XKV@depth=\count275
File: xkeyval.tex 2014/12/03 v2.7a key=value parser (HA)
))
(iftex.sty
Package: iftex 2022/02/03 v1.0f TeX engine tests
) (l3keys2e.sty
Package: l3keys2e 2022-01-12 LaTeX2e option processing using LaTeX3 keys
)

LaTeX hooks Warning: Generic hook 'file/after/tracklang.sty' is deprecated.
(hooks)              Use hook 'file/tracklang.sty/after' instead.


LaTeX hooks Warning: Generic hook 'package/after/bidi' is deprecated.
(hooks)              Use hook 'package/bidi/after' instead.


LaTeX hooks Warning: Generic hook 'package/after/luabidi' is deprecated.
(hooks)              Use hook 'package/luabidi/after' instead.

\xpg@normalclass=\XeTeXcharclass1
(gloss-latex.ldf
File: gloss-latex.ldf polyglossia: module for default language
The property list \polyglossia@langsetup contains the pairs (without outer
braces):
>  {latex/script}  =>  {latin}
>  {latex/lcscript}  =>  {latin}
>  {latex/scripttag}  =>  {}
>  {latex/language}  =>  {Latex}
>  {latex/langtag}  =>  {ENG}
>  {latex/bcp47}  =>  {}
>  {latex/hyphennames}  =>  {english}
>  {latex/direction}  =>  {LR}
>  {latex/hyphenmins}  =>  {2,3}
>  {latex/frenchspacing}  =>  {false}
>  {latex/indentfirst}  =>  {false}
>  {latex/fontsetup}  =>  {true}
>  {latex/envname}  =>  {latex}
>  {latex/babelname}  =>  {latex}
>  {latex/localnumeral}  =>  {polyglossia@C@localnumeral}
>  {latex/Localnumeral}  =>  {polyglossia@C@localnumeral}.
)
Package polyglossia Info: Default language is latex.
) (gloss-thai.ldf
File: gloss-thai.ldf polyglossia: module for thai
The property list \polyglossia@langsetup contains the pairs (without outer
braces):
>  {latex/script}  =>  {latin}
>  {latex/lcscript}  =>  {latin}
>  {latex/scripttag}  =>  {}
>  {latex/language}  =>  {Latex}
>  {latex/langtag}  =>  {ENG}
>  {latex/bcp47}  =>  {}
>  {latex/hyphennames}  =>  {english}
>  {latex/direction}  =>  {LR}
>  {latex/hyphenmins}  =>  {2,3}
>  {latex/frenchspacing}  =>  {false}
>  {latex/indentfirst}  =>  {false}
>  {latex/fontsetup}  =>  {true}
>  {latex/envname}  =>  {latex}
>  {latex/babelname}  =>  {latex}
>  {latex/localnumeral}  =>  {polyglossia@C@localnumeral}
>  {latex/Localnumeral}  =>  {polyglossia@C@localnumeral}
>  {thai/script}  =>  {Thai}
>  {thai/lcscript}  =>  {thai}
>  {thai/scripttag}  =>  {thai}
>  {thai/language}  =>  {Thai}
>  {thai/langtag}  =>  {THA}
>  {thai/bcp47}  =>  {th}
>  {thai/hyphennames}  =>  {nohyphenation}
>  {thai/direction}  =>  {LR}
>  {thai/hyphenmins}  =>  {2,3}
>  {thai/frenchspacing}  =>  {false}
>  {thai/indentfirst}  =>  {false}
>  {thai/fontsetup}  =>  {true}
>  {thai/envname}  =>  {thai}
>  {thai/babelname}  =>  {thai}
>  {thai/localnumeral}  =>  {thainumerals}
>  {thai/Localnumeral}  =>  {thainumerals}.
)
Package polyglossia Info: Default language is thai.
 (gloss-english.ldf
File: gloss-english.ldf polyglossia: module for english
The property list \polyglossia@langsetup contains the pairs (without outer
braces):
>  {latex/script}  =>  {latin}
>  {latex/lcscript}  =>  {latin}
>  {latex/scripttag}  =>  {}
>  {latex/language}  =>  {Latex}
>  {latex/langtag}  =>  {ENG}
>  {latex/bcp47}  =>  {}
>  {latex/hyphennames}  =>  {english}
>  {latex/direction}  =>  {LR}
>  {latex/hyphenmins}  =>  {2,3}
>  {latex/frenchspacing}  =>  {false}
>  {latex/indentfirst}  =>  {false}
>  {latex/fontsetup}  =>  {true}
>  {latex/envname}  =>  {latex}
>  {latex/babelname}  =>  {latex}
>  {latex/localnumeral}  =>  {polyglossia@C@localnumeral}
>  {latex/Localnumeral}  =>  {polyglossia@C@localnumeral}
>  {thai/script}  =>  {Thai}
>  {thai/lcscript}  =>  {thai}
>  {thai/scripttag}  =>  {thai}
>  {thai/language}  =>  {Thai}
>  {thai/langtag}  =>  {THA}
>  {thai/bcp47}  =>  {th}
>  {thai/hyphennames}  =>  {nohyphenation}
>  {thai/direction}  =>  {LR}
>  {thai/hyphenmins}  =>  {2,3}
>  {thai/frenchspacing}  =>  {false}
>  {thai/indentfirst}  =>  {false}
>  {thai/fontsetup}  =>  {true}
>  {thai/envname}  =>  {thai}
>  {thai/babelname}  =>  {thai}
>  {thai/localnumeral}  =>  {thainumerals}
>  {thai/Localnumeral}  =>  {thainumerals}
>  {english/script}  =>  {latin}
>  {english/lcscript}  =>  {latin}
>  {english/scripttag}  =>  {}
>  {english/language}  =>  {English}
>  {english/langtag}  =>  {ENG}
>  {english/bcp47}  =>  {en-US}
>  {english/hyphennames}  =>  {english,american,usenglish,USenglish}
>  {english/direction}  =>  {LR}
>  {english/hyphenmins}  =>  {2,3}
>  {english/frenchspacing}  =>  {false}
>  {english/indentfirst}  =>  {false}
>  {english/fontsetup}  =>  {true}
>  {english/envname}  =>  {english}
>  {english/babelname}  =>  {english}
>  {english/localnumeral}  =>  {polyglossia@C@localnumeral}
>  {english/Localnumeral}  =>  {polyglossia@C@localnumeral}.
Package polyglossia Info: Option: English, variant=american.
)

Package fontspec Info: Font family 'THSarabunNew(0)' created for font
(fontspec)             'THSarabunNew' with options
(fontspec)             [Ligatures=TeX,Path=./fonts/,UprightFont=THSarabunNew.tt
f,BoldFont=THSarabunNew-Bold.ttf,ItalicFont=THSarabunNew-Italic.ttf,BoldItalicF
ont=THSarabunNew-BoldItalic.ttf,Scale=1.4,Ligatures=TeX].
(fontspec)              
(fontspec)              This font family consists of the following NFSS
(fontspec)             series/shapes:
(fontspec)              
(fontspec)             - 'normal' (m/n) with NFSS spec.:
(fontspec)             <->s*[1.4]"[./fonts/THSarabunNew.ttf]/OT:script=latn;lan
guage=dflt;mapping=tex-text;"
(fontspec)             - 'small caps'  (m/sc) with NFSS spec.: 
(fontspec)             - 'bold' (b/n) with NFSS spec.:
(fontspec)             <->s*[1.4]"[./fonts/THSarabunNew-Bold.ttf]/OT:script=lat
n;language=dflt;mapping=tex-text;"
(fontspec)             - 'bold small caps'  (b/sc) with NFSS spec.: 
(fontspec)             - 'italic' (m/it) with NFSS spec.:
(fontspec)             <->s*[1.4]"[./fonts/THSarabunNew-Italic.ttf]/OT:script=l
atn;language=dflt;mapping=tex-text;"
(fontspec)             - 'italic small caps'  (m/scit) with NFSS spec.: 
(fontspec)             - 'bold italic' (b/it) with NFSS spec.:
(fontspec)             <->s*[1.4]"[./fonts/THSarabunNew-BoldItalic.ttf]/OT:scri
pt=latn;language=dflt;mapping=tex-text;"
(fontspec)             - 'bold italic small caps'  (b/scit) with NFSS spec.: 

LaTeX Font Info:    Font shape `TU/THSarabunNew(0)/m/n' will be
(Font)              scaled to size 16.79993pt on input line 41.

Package fontspec Info: Font family 'Menlo(0)' created for font 'Menlo' with
(fontspec)             options
(fontspec)             [WordSpace={1,0,0},HyphenChar=None,PunctuationSpace=Word
Space,Scale=0.9].
(fontspec)              
(fontspec)              This font family consists of the following NFSS
(fontspec)             series/shapes:
(fontspec)              
(fontspec)             - 'normal' (m/n) with NFSS spec.: <->s*[0.9]"Menlo/AAT"
(fontspec)             - 'small caps'  (m/sc) with NFSS spec.: 
(fontspec)             and font adjustment code:
(fontspec)             \fontdimen 2\font =1\fontdimen 2\font \fontdimen 3\font
(fontspec)             =0\fontdimen 3\font \fontdimen 4\font =0\fontdimen
(fontspec)             4\font \fontdimen 7\font =0\fontdimen 2\font
(fontspec)             \tex_hyphenchar:D \font =-1\scan_stop: 
(fontspec)             - 'bold' (b/n) with NFSS spec.: <->s*[0.9]"Menlo/B/AAT"
(fontspec)             - 'bold small caps'  (b/sc) with NFSS spec.: 
(fontspec)             and font adjustment code:
(fontspec)             \fontdimen 2\font =1\fontdimen 2\font \fontdimen 3\font
(fontspec)             =0\fontdimen 3\font \fontdimen 4\font =0\fontdimen
(fontspec)             4\font \fontdimen 7\font =0\fontdimen 2\font
(fontspec)             \tex_hyphenchar:D \font =-1\scan_stop: 
(fontspec)             - 'italic' (m/it) with NFSS spec.:
(fontspec)             <->s*[0.9]"Menlo/I/AAT"
(fontspec)             - 'italic small caps'  (m/scit) with NFSS spec.: 
(fontspec)             and font adjustment code:
(fontspec)             \fontdimen 2\font =1\fontdimen 2\font \fontdimen 3\font
(fontspec)             =0\fontdimen 3\font \fontdimen 4\font =0\fontdimen
(fontspec)             4\font \fontdimen 7\font =0\fontdimen 2\font
(fontspec)             \tex_hyphenchar:D \font =-1\scan_stop: 
(fontspec)             - 'bold italic' (b/it) with NFSS spec.:
(fontspec)             <->s*[0.9]"Menlo/BI/AAT"
(fontspec)             - 'bold italic small caps'  (b/scit) with NFSS spec.: 
(fontspec)             and font adjustment code:
(fontspec)             \fontdimen 2\font =1\fontdimen 2\font \fontdimen 3\font
(fontspec)             =0\fontdimen 3\font \fontdimen 4\font =0\fontdimen
(fontspec)             4\font \fontdimen 7\font =0\fontdimen 2\font
(fontspec)             \tex_hyphenchar:D \font =-1\scan_stop: 


Package fontspec Info: Font family 'THSarabunNew(1)' created for font
(fontspec)             'THSarabunNew' with options
(fontspec)             [Path=./fonts/,UprightFont=THSarabunNew.ttf,BoldFont=THS
arabunNew-Bold.ttf,Scale=1.3,Ligatures=TeX].
(fontspec)              
(fontspec)              This font family consists of the following NFSS
(fontspec)             series/shapes:
(fontspec)              
(fontspec)             - 'normal' (m/n) with NFSS spec.:
(fontspec)             <->s*[1.3]"[./fonts/THSarabunNew.ttf]/OT:script=latn;lan
guage=dflt;mapping=tex-text;"
(fontspec)             - 'small caps'  (m/sc) with NFSS spec.: 
(fontspec)             - 'bold' (b/n) with NFSS spec.:
(fontspec)             <->s*[1.3]"[./fonts/THSarabunNew-Bold.ttf]/OT:script=lat
n;language=dflt;mapping=tex-text;"
(fontspec)             - 'bold small caps'  (b/sc) with NFSS spec.: 

 (geometry.sty
Package: geometry 2020/01/02 v5.9 Page Geometry

(ifvtex.sty
Package: ifvtex 2019/10/25 v1.7 ifvtex legacy package. Use iftex instead.
)
\Gm@cnth=\count276
\Gm@cntv=\count277
\c@Gm@tempcnt=\count278
\Gm@bindingoffset=\dimen142
\Gm@wd@mp=\dimen143
\Gm@odd@mp=\dimen144
\Gm@even@mp=\dimen145
\Gm@layoutwidth=\dimen146
\Gm@layoutheight=\dimen147
\Gm@layouthoffset=\dimen148
\Gm@layoutvoffset=\dimen149
\Gm@dimlist=\toks18
) (setspace.sty
Package: setspace 2011/12/19 v6.7a set line spacing
) (amsmath.sty
Package: amsmath 2021/10/15 v2.17l AMS math features
\@mathmargin=\skip49

For additional information on amsmath, use the `?' option.
(amstext.sty
Package: amstext 2021/08/26 v2.01 AMS text
 (amsgen.sty
File: amsgen.sty 1999/11/30 v2.0 generic functions
\@emptytoks=\toks19
\ex@=\dimen150
)) (amsbsy.sty
Package: amsbsy 1999/11/29 v1.2d Bold Symbols
\pmbraise@=\dimen151
) (amsopn.sty
Package: amsopn 2021/08/26 v2.02 operator names
)
\inf@bad=\count279
LaTeX Info: Redefining \frac on input line 234.
\uproot@=\count280
\leftroot@=\count281
LaTeX Info: Redefining \overline on input line 399.
\classnum@=\count282
\DOTSCASE@=\count283
LaTeX Info: Redefining \ldots on input line 496.
LaTeX Info: Redefining \dots on input line 499.
LaTeX Info: Redefining \cdots on input line 620.
\Mathstrutbox@=\box51
\strutbox@=\box52
\big@size=\dimen152
LaTeX Font Info:    Redeclaring font encoding OML on input line 743.
LaTeX Font Info:    Redeclaring font encoding OMS on input line 744.
\macc@depth=\count284
\c@MaxMatrixCols=\count285
\dotsspace@=\muskip16
\c@parentequation=\count286
\dspbrk@lvl=\count287
\tag@help=\toks20
\row@=\count288
\column@=\count289
\maxfields@=\count290
\andhelp@=\toks21
\eqnshift@=\dimen153
\alignsep@=\dimen154
\tagshift@=\dimen155
\tagwidth@=\dimen156
\totwidth@=\dimen157
\lineht@=\dimen158
\@envbody=\toks22
\multlinegap=\skip50
\multlinetaggap=\skip51
\mathdisplay@stack=\toks23
LaTeX Info: Redefining \[ on input line 2938.
LaTeX Info: Redefining \] on input line 2939.
) (amssymb.sty
Package: amssymb 2013/01/14 v3.01 AMS font symbols

(amsfonts.sty
Package: amsfonts 2013/01/14 v3.01 Basic AMSFonts support
\symAMSa=\mathgroup4
\symAMSb=\mathgroup5
LaTeX Font Info:    Redeclaring math symbol \hbar on input line 98.
LaTeX Font Info:    Overwriting math alphabet `\mathfrak' in version `bold'
(Font)                  U/euf/m/n --> U/euf/b/n on input line 106.
)) (amsthm.sty
Package: amsthm 2020/05/29 v2.20.6
\thm@style=\toks24
\thm@bodyfont=\toks25
\thm@headfont=\toks26
\thm@notefont=\toks27
\thm@headpunct=\toks28
\thm@preskip=\skip52
\thm@postskip=\skip53
\thm@headsep=\skip54
\dth@everypar=\toks29
) (tabularx.sty
Package: tabularx 2020/01/15 v2.11c `tabularx' package (DPC)
 (array.sty
Package: array 2021/10/04 v2.5f Tabular extension package (FMi)
\col@sep=\dimen159
\ar@mcellbox=\box53
\extrarowheight=\dimen160
\NC@list=\toks30
\extratabsurround=\skip55
\backup@length=\skip56
\ar@cellbox=\box54
)
\TX@col@width=\dimen161
\TX@old@table=\dimen162
\TX@old@col=\dimen163
\TX@target=\dimen164
\TX@delta=\dimen165
\TX@cols=\count291
\TX@ftn=\toks31
) (booktabs.sty
Package: booktabs 2020/01/12 v1.61803398 Publication quality tables
\heavyrulewidth=\dimen166
\lightrulewidth=\dimen167
\cmidrulewidth=\dimen168
\belowrulesep=\dimen169
\belowbottomsep=\dimen170
\aboverulesep=\dimen171
\abovetopsep=\dimen172
\cmidrulesep=\dimen173
\cmidrulekern=\dimen174
\defaultaddspace=\dimen175
\@cmidla=\count292
\@cmidlb=\count293
\@aboverulesep=\dimen176
\@belowrulesep=\dimen177
\@thisruleclass=\count294
\@lastruleclass=\count295
\@thisrulewidth=\dimen178
)
(longtable.sty
Package: longtable 2021-09-01 v4.17 Multi-page Table package (DPC)
\LTleft=\skip57
\LTright=\skip58
\LTpre=\skip59
\LTpost=\skip60
\LTchunksize=\count296
\LTcapwidth=\dimen179
\LT@head=\box55
\LT@firsthead=\box56
\LT@foot=\box57
\LT@lastfoot=\box58
\LT@gbox=\box59
\LT@cols=\count297
\LT@rows=\count298
\c@LT@tables=\count299
\c@LT@chunks=\count300
\LT@p@ftn=\toks32
) (multirow.sty
Package: multirow 2021/03/15 v2.8 Span multiple rows of a table
\multirow@colwidth=\skip61
\multirow@cntb=\count301
\multirow@dima=\skip62
\bigstrutjot=\dimen180
) (graphicx.sty
Package: graphicx 2021/09/16 v1.2d Enhanced LaTeX Graphics (DPC,SPQR)
 (graphics.sty
Package: graphics 2021/03/04 v1.4d Standard LaTeX Graphics (DPC,SPQR)
 (trig.sty
Package: trig 2021/08/11 v1.11 sin cos tan (DPC)
)
(graphics.cfg
File: graphics.cfg 2016/06/04 v1.11 sample graphics configuration
)
Package graphics Info: Driver file: xetex.def on input line 107.
 (xetex.def
File: xetex.def 2021/03/18 v5.0k Graphics/color driver for xetex
))
\Gin@req@height=\dimen181
\Gin@req@width=\dimen182
) (xcolor.sty
Package: xcolor 2021/10/31 v2.13 LaTeX color extensions (UK)
 (color.cfg
File: color.cfg 2016/01/02 v1.6 sample color configuration
)
Package xcolor Info: Driver file: xetex.def on input line 227.
Package xcolor Info: Model `cmy' substituted by `cmy0' on input line 1352.
Package xcolor Info: Model `RGB' extended on input line 1368.
Package xcolor Info: Model `HTML' substituted by `rgb' on input line 1370.
Package xcolor Info: Model `Hsb' substituted by `hsb' on input line 1371.
Package xcolor Info: Model `tHsb' substituted by `hsb' on input line 1372.
Package xcolor Info: Model `HSB' substituted by `hsb' on input line 1373.
Package xcolor Info: Model `Gray' substituted by `gray' on input line 1374.
Package xcolor Info: Model `wave' substituted by `hsb' on input line 1375.
) (caption.sty
Package: caption 2022/03/01 v3.6b Customizing captions (AR)

(caption3.sty
Package: caption3 2022/03/17 v2.3b caption3 kernel (AR)
\caption@tempdima=\dimen183
\captionmargin=\dimen184
\caption@leftmargin=\dimen185
\caption@rightmargin=\dimen186
\caption@width=\dimen187
\caption@indent=\dimen188
\caption@parindent=\dimen189
\caption@hangindent=\dimen190
Package caption Info: Standard document class detected.
)
\c@caption@flags=\count302
\c@continuedfloat=\count303
Package caption Info: longtable package is loaded.
 (ltcaption.sty
Package: ltcaption 2021/01/08 v1.4c longtable captions (AR)
)) (subcaption.sty
Package: subcaption 2022/01/07 v1.5 Sub-captions (AR)
\c@subfigure=\count304
\c@subtable=\count305
) (enumitem.sty
Package: enumitem 2019/06/20 v3.9 Customized lists
\enitkv@toks@=\toks33
\labelindent=\skip63
\enit@outerparindent=\dimen191
\enit@toks=\toks34
\enit@inbox=\box60
\enit@count@id=\count306
\enitdp@description=\count307
) (listings.sty
\lst@mode=\count308
\lst@gtempboxa=\box61
\lst@token=\toks35
\lst@length=\count309
\lst@currlwidth=\dimen192
\lst@column=\count310
\lst@pos=\count311
\lst@lostspace=\dimen193
\lst@width=\dimen194
\lst@newlines=\count312
\lst@lineno=\count313
\lst@maxwidth=\dimen195

(lstmisc.sty
File: lstmisc.sty 2020/03/24 1.8d (Carsten Heinz)
\c@lstnumber=\count314
\lst@skipnumbers=\count315
\lst@framebox=\box62
) (listings.cfg
File: listings.cfg 2020/03/24 1.8d listings configuration
))
Package: listings 2020/03/24 1.8d (Carsten Heinz)
 (float.sty
Package: float 2001/11/08 v1.3d Float enhancements (AL)
\c@float@type=\count316
\float@exts=\toks36
\float@box=\box63
\@float@everytoks=\toks37
\@floatcapt=\box64
) (url.sty
\Urlmuskip=\muskip17
Package: url 2013/09/16  ver 3.4  Verb mode for urls, etc.
) (tikz.sty (pgf.sty
(pgfrcs.sty (pgfutil-common.tex
\pgfutil@everybye=\toks38
\pgfutil@tempdima=\dimen196
\pgfutil@tempdimb=\dimen197
 (pgfutil-common-lists.tex)) (pgfutil-latex.def
\pgfutil@abb=\box65
) (pgfrcs.code.tex (pgf.revision.tex)
Package: pgfrcs 2021/05/15 v3.1.9a (3.1.9a)
))
Package: pgf 2021/05/15 v3.1.9a (3.1.9a)
 (pgfcore.sty (pgfsys.sty
(pgfsys.code.tex
Package: pgfsys 2021/05/15 v3.1.9a (3.1.9a)
 (pgfkeys.code.tex
\pgfkeys@pathtoks=\toks39
\pgfkeys@temptoks=\toks40
 (pgfkeysfiltered.code.tex
\pgfkeys@tmptoks=\toks41
))
\pgf@x=\dimen198
\pgf@y=\dimen199
\pgf@xa=\dimen256
\pgf@ya=\dimen257
\pgf@xb=\dimen258
\pgf@yb=\dimen259
\pgf@xc=\dimen260
\pgf@yc=\dimen261
\pgf@xd=\dimen262
\pgf@yd=\dimen263
\w@pgf@writea=\write3
\r@pgf@reada=\read2
\c@pgf@counta=\count317
\c@pgf@countb=\count318
\c@pgf@countc=\count319
\c@pgf@countd=\count320
\t@pgf@toka=\toks42
\t@pgf@tokb=\toks43
\t@pgf@tokc=\toks44
\pgf@sys@id@count=\count321
 (pgf.cfg
File: pgf.cfg 2021/05/15 v3.1.9a (3.1.9a)
)
Driver file for pgf: pgfsys-xetex.def

(pgfsys-xetex.def
File: pgfsys-xetex.def 2021/05/15 v3.1.9a (3.1.9a)
 (pgfsys-dvipdfmx.def
File: pgfsys-dvipdfmx.def 2021/05/15 v3.1.9a (3.1.9a)
 (pgfsys-common-pdf.def
File: pgfsys-common-pdf.def 2021/05/15 v3.1.9a (3.1.9a)
)
\pgfsys@objnum=\count322
)))
(pgfsyssoftpath.code.tex
File: pgfsyssoftpath.code.tex 2021/05/15 v3.1.9a (3.1.9a)
\pgfsyssoftpath@smallbuffer@items=\count323
\pgfsyssoftpath@bigbuffer@items=\count324
) (pgfsysprotocol.code.tex
File: pgfsysprotocol.code.tex 2021/05/15 v3.1.9a (3.1.9a)
)) (pgfcore.code.tex
Package: pgfcore 2021/05/15 v3.1.9a (3.1.9a)

(pgfmath.code.tex (pgfmathcalc.code.tex (pgfmathutil.code.tex)
(pgfmathparser.code.tex
\pgfmath@dimen=\dimen264
\pgfmath@count=\count325
\pgfmath@box=\box66
\pgfmath@toks=\toks45
\pgfmath@stack@operand=\toks46
\pgfmath@stack@operation=\toks47
) (pgfmathfunctions.code.tex
(pgfmathfunctions.basic.code.tex) (pgfmathfunctions.trigonometric.code.tex)
(pgfmathfunctions.random.code.tex) (pgfmathfunctions.comparison.code.tex)
(pgfmathfunctions.base.code.tex) (pgfmathfunctions.round.code.tex)
(pgfmathfunctions.misc.code.tex) (pgfmathfunctions.integerarithmetics.code.tex)
)) (pgfmathfloat.code.tex
\c@pgfmathroundto@lastzeros=\count326
)) (pgfint.code.tex) (pgfcorepoints.code.tex
File: pgfcorepoints.code.tex 2021/05/15 v3.1.9a (3.1.9a)
\pgf@picminx=\dimen265
\pgf@picmaxx=\dimen266
\pgf@picminy=\dimen267
\pgf@picmaxy=\dimen268
\pgf@pathminx=\dimen269
\pgf@pathmaxx=\dimen270
\pgf@pathminy=\dimen271
\pgf@pathmaxy=\dimen272
\pgf@xx=\dimen273
\pgf@xy=\dimen274
\pgf@yx=\dimen275
\pgf@yy=\dimen276
\pgf@zx=\dimen277
\pgf@zy=\dimen278
)
(pgfcorepathconstruct.code.tex
File: pgfcorepathconstruct.code.tex 2021/05/15 v3.1.9a (3.1.9a)
\pgf@path@lastx=\dimen279
\pgf@path@lasty=\dimen280
) (pgfcorepathusage.code.tex
File: pgfcorepathusage.code.tex 2021/05/15 v3.1.9a (3.1.9a)
\pgf@shorten@end@additional=\dimen281
\pgf@shorten@start@additional=\dimen282
)
(pgfcorescopes.code.tex
File: pgfcorescopes.code.tex 2021/05/15 v3.1.9a (3.1.9a)
\pgfpic=\box67
\pgf@hbox=\box68
\pgf@layerbox@main=\box69
\pgf@picture@serial@count=\count327
) (pgfcoregraphicstate.code.tex
File: pgfcoregraphicstate.code.tex 2021/05/15 v3.1.9a (3.1.9a)
\pgflinewidth=\dimen283
)
(pgfcoretransformations.code.tex
File: pgfcoretransformations.code.tex 2021/05/15 v3.1.9a (3.1.9a)
\pgf@pt@x=\dimen284
\pgf@pt@y=\dimen285
\pgf@pt@temp=\dimen286
) (pgfcorequick.code.tex
File: pgfcorequick.code.tex 2021/05/15 v3.1.9a (3.1.9a)
)
(pgfcoreobjects.code.tex
File: pgfcoreobjects.code.tex 2021/05/15 v3.1.9a (3.1.9a)
) (pgfcorepathprocessing.code.tex
File: pgfcorepathprocessing.code.tex 2021/05/15 v3.1.9a (3.1.9a)
)
(pgfcorearrows.code.tex
File: pgfcorearrows.code.tex 2021/05/15 v3.1.9a (3.1.9a)
\pgfarrowsep=\dimen287
) (pgfcoreshade.code.tex
File: pgfcoreshade.code.tex 2021/05/15 v3.1.9a (3.1.9a)
\pgf@max=\dimen288
\pgf@sys@shading@range@num=\count328
\pgf@shadingcount=\count329
) (pgfcoreimage.code.tex
File: pgfcoreimage.code.tex 2021/05/15 v3.1.9a (3.1.9a)

(pgfcoreexternal.code.tex
File: pgfcoreexternal.code.tex 2021/05/15 v3.1.9a (3.1.9a)
\pgfexternal@startupbox=\box70
)) (pgfcorelayers.code.tex
File: pgfcorelayers.code.tex 2021/05/15 v3.1.9a (3.1.9a)
)
(pgfcoretransparency.code.tex
File: pgfcoretransparency.code.tex 2021/05/15 v3.1.9a (3.1.9a)
) (pgfcorepatterns.code.tex
File: pgfcorepatterns.code.tex 2021/05/15 v3.1.9a (3.1.9a)
) (pgfcorerdf.code.tex
File: pgfcorerdf.code.tex 2021/05/15 v3.1.9a (3.1.9a)
))) (pgfmoduleshapes.code.tex
File: pgfmoduleshapes.code.tex 2021/05/15 v3.1.9a (3.1.9a)
\pgfnodeparttextbox=\box71
) (pgfmoduleplot.code.tex
File: pgfmoduleplot.code.tex 2021/05/15 v3.1.9a (3.1.9a)
)
(pgfcomp-version-0-65.sty
Package: pgfcomp-version-0-65 2021/05/15 v3.1.9a (3.1.9a)
\pgf@nodesepstart=\dimen289
\pgf@nodesepend=\dimen290
) (pgfcomp-version-1-18.sty
Package: pgfcomp-version-1-18 2021/05/15 v3.1.9a (3.1.9a)
)) (pgffor.sty (pgfkeys.sty (pgfkeys.code.tex)) (pgfmath.sty (pgfmath.code.tex)
) (pgffor.code.tex
Package: pgffor 2021/05/15 v3.1.9a (3.1.9a)

(pgfmath.code.tex)
\pgffor@iter=\dimen291
\pgffor@skip=\dimen292
\pgffor@stack=\toks48
\pgffor@toks=\toks49
)) (tikz.code.tex
Package: tikz 2021/05/15 v3.1.9a (3.1.9a)
 (pgflibraryplothandlers.code.tex
File: pgflibraryplothandlers.code.tex 2021/05/15 v3.1.9a (3.1.9a)
\pgf@plot@mark@count=\count330
\pgfplotmarksize=\dimen293
)
\tikz@lastx=\dimen294
\tikz@lasty=\dimen295
\tikz@lastxsaved=\dimen296
\tikz@lastysaved=\dimen297
\tikz@lastmovetox=\dimen298
\tikz@lastmovetoy=\dimen299
\tikzleveldistance=\dimen300
\tikzsiblingdistance=\dimen301
\tikz@figbox=\box72
\tikz@figbox@bg=\box73
\tikz@tempbox=\box74
\tikz@tempbox@bg=\box75
\tikztreelevel=\count331
\tikznumberofchildren=\count332
\tikznumberofcurrentchild=\count333
\tikz@fig@count=\count334

(pgfmodulematrix.code.tex
File: pgfmodulematrix.code.tex 2021/05/15 v3.1.9a (3.1.9a)
\pgfmatrixcurrentrow=\count335
\pgfmatrixcurrentcolumn=\count336
\pgf@matrix@numberofcolumns=\count337
)
\tikz@expandcount=\count338
 (tikzlibrarytopaths.code.tex
File: tikzlibrarytopaths.code.tex 2021/05/15 v3.1.9a (3.1.9a)
)))
(tikzlibraryshapes.geometric.code.tex
File: tikzlibraryshapes.geometric.code.tex 2021/05/15 v3.1.9a (3.1.9a)
 (pgflibraryshapes.geometric.code.tex
File: pgflibraryshapes.geometric.code.tex 2021/05/15 v3.1.9a (3.1.9a)
))
(tikzlibraryshapes.misc.code.tex
File: tikzlibraryshapes.misc.code.tex 2021/05/15 v3.1.9a (3.1.9a)
 (pgflibraryshapes.misc.code.tex
File: pgflibraryshapes.misc.code.tex 2021/05/15 v3.1.9a (3.1.9a)
))
(pgflibraryarrows.meta.code.tex
File: pgflibraryarrows.meta.code.tex 2021/05/15 v3.1.9a (3.1.9a)
\pgfarrowinset=\dimen302
\pgfarrowlength=\dimen303
\pgfarrowwidth=\dimen304
\pgfarrowlinewidth=\dimen305
) (tikzlibrarypositioning.code.tex
File: tikzlibrarypositioning.code.tex 2021/05/15 v3.1.9a (3.1.9a)
)
(tikzlibraryfit.code.tex
File: tikzlibraryfit.code.tex 2021/05/15 v3.1.9a (3.1.9a)
) (tikzlibrarybackgrounds.code.tex
File: tikzlibrarybackgrounds.code.tex 2021/05/15 v3.1.9a (3.1.9a)
\pgf@layerbox@background=\box76
\pgf@layerboxsaved@background=\box77
)
(tikzlibrarycalc.code.tex
File: tikzlibrarycalc.code.tex 2021/05/15 v3.1.9a (3.1.9a)
) (tikzlibrarymatrix.code.tex
File: tikzlibrarymatrix.code.tex 2021/05/15 v3.1.9a (3.1.9a)
)
(tikzlibrarydecorations.pathreplacing.code.tex (tikzlibrarydecorations.code.tex
(pgfmoduledecorations.code.tex
\pgfdecoratedcompleteddistance=\dimen306
\pgfdecoratedremainingdistance=\dimen307
\pgfdecoratedinputsegmentcompleteddistance=\dimen308
\pgfdecoratedinputsegmentremainingdistance=\dimen309
\pgf@decorate@distancetomove=\dimen310
\pgf@decorate@repeatstate=\count339
\pgfdecorationsegmentamplitude=\dimen311
\pgfdecorationsegmentlength=\dimen312
)
\tikz@lib@dec@box=\box78
) (pgflibrarydecorations.pathreplacing.code.tex)) (pgfplots.sty (pgfplots.revis
ion.tex)
Package: pgfplots 2021/05/15 v1.18.1 Data Visualization (1.18.1)
 (pgfplots.code.tex
(pgfplotscore.code.tex
\t@pgfplots@toka=\toks50
\t@pgfplots@tokb=\toks51
\t@pgfplots@tokc=\toks52
\pgfplots@tmpa=\dimen313
\c@pgfplots@coordindex=\count340
\c@pgfplots@scanlineindex=\count341
 (pgfplotssysgeneric.code.tex)) (pgfplotslibrary.code.tex) (pgfplotsoldpgfsupp_
loader.code.tex (pgflibraryfpu.code.tex))
(pgfplotsutil.code.tex (pgfplotsliststructure.code.tex)
(pgfplotsliststructureext.code.tex) (pgfplotsarray.code.tex
\c@pgfplotsarray@tmp=\count342
)
(pgfplotsmatrix.code.tex) (pgfplotstableshared.code.tex
\c@pgfplotstable@counta=\count343
\t@pgfplotstable@a=\toks53
)
(pgfplotsdeque.code.tex) (pgfplotsbinary.code.tex (pgfplotsbinary.data.code.tex
)) (pgfplotsutil.verb.code.tex) (pgflibrarypgfplots.surfshading.code.tex
\c@pgfplotslibrarysurf@no=\count344

(pgflibrarypgfplots.surfshading.pgfsys-xetex.def
(pgflibrarypgfplots.surfshading.pgfsys-dvipdfmx.def
\c@pgfplotslibrarysurf@streamlen=\count345
))))
(pgfplotscolormap.code.tex (pgfplotscolor.code.tex))
(pgfplotsstackedplots.code.tex) (pgfplotsplothandlers.code.tex
(pgfplotsmeshplothandler.code.tex (pgfplotsmeshplotimage.code.tex)))
(pgfplots.scaling.code.tex) (pgfplotscoordprocessing.code.tex)
(pgfplots.errorbars.code.tex) (pgfplots.markers.code.tex)
(pgfplotsticks.code.tex) (pgfplots.paths.code.tex)
(tikzlibrarydecorations.pathmorphing.code.tex
(pgflibrarydecorations.pathmorphing.code.tex))
(tikzlibrarypgfplots.contourlua.code.tex)
\pgfplots@numplots=\count346
\pgfplots@xmin@reg=\dimen314
\pgfplots@xmax@reg=\dimen315
\pgfplots@ymin@reg=\dimen316
\pgfplots@ymax@reg=\dimen317
\pgfplots@zmin@reg=\dimen318
\pgfplots@zmax@reg=\dimen319
) (tikzlibraryplotmarks.code.tex
File: tikzlibraryplotmarks.code.tex 2021/05/15 v3.1.9a (3.1.9a)

(pgflibraryplotmarks.code.tex
File: pgflibraryplotmarks.code.tex 2021/05/15 v3.1.9a (3.1.9a)
))) (hyperref.sty
Package: hyperref 2022-02-21 v7.00n Hypertext links for LaTeX
 (ltxcmds.sty
Package: ltxcmds 2020-05-10 v1.25 LaTeX kernel commands for general use (HO)
) (pdftexcmds.sty
Package: pdftexcmds 2020-06-27 v0.33 Utility functions of pdfTeX for LuaTeX (HO
)

(infwarerr.sty
Package: infwarerr 2019/12/03 v1.5 Providing info/warning/error messages (HO)
)
Package pdftexcmds Info: \pdf@primitive is available.
Package pdftexcmds Info: \pdf@ifprimitive is available.
Package pdftexcmds Info: \pdfdraftmode not found.
) (kvsetkeys.sty
Package: kvsetkeys 2019/12/15 v1.18 Key value parser (HO)
) (kvdefinekeys.sty
Package: kvdefinekeys 2019-12-19 v1.6 Define keys (HO)
) (pdfescape.sty
Package: pdfescape 2019/12/09 v1.15 Implements pdfTeX's escape features (HO)
)
(hycolor.sty
Package: hycolor 2020-01-27 v1.10 Color options for hyperref/bookmark (HO)
) (letltxmacro.sty
Package: letltxmacro 2019/12/03 v1.6 Let assignment for LaTeX macros (HO)
) (auxhook.sty
Package: auxhook 2019-12-17 v1.6 Hooks for auxiliary files (HO)
) (kvoptions.sty
Package: kvoptions 2020-10-07 v3.14 Key value format for package options (HO)
)
\@linkdim=\dimen320
\Hy@linkcounter=\count347
\Hy@pagecounter=\count348
 (pd1enc.def
File: pd1enc.def 2022-02-21 v7.00n Hyperref: PDFDocEncoding definition (HO)
)
(intcalc.sty
Package: intcalc 2019/12/15 v1.3 Expandable calculations with integers (HO)
) (etexcmds.sty
Package: etexcmds 2019/12/15 v1.7 Avoid name clashes with e-TeX commands (HO)
)
\Hy@SavedSpaceFactor=\count349
 (puenc.def
File: puenc.def 2022-02-21 v7.00n Hyperref: PDF Unicode definition (HO)
)
Package hyperref Info: Hyper figures OFF on input line 4137.
Package hyperref Info: Link nesting OFF on input line 4142.
Package hyperref Info: Hyper index ON on input line 4145.
Package hyperref Info: Plain pages OFF on input line 4152.
Package hyperref Info: Backreferencing OFF on input line 4157.
Package hyperref Info: Implicit mode ON; LaTeX internals redefined.
Package hyperref Info: Bookmarks ON on input line 4390.
\c@Hy@tempcnt=\count350
LaTeX Info: Redefining \url on input line 4749.
\XeTeXLinkMargin=\dimen321
 (bitset.sty
Package: bitset 2019/12/09 v1.3 Handle bit-vector datatype (HO)
 (bigintcalc.sty
Package: bigintcalc 2019/12/15 v1.5 Expandable calculations on big integers (HO
)
))
\Fld@menulength=\count351
\Field@Width=\dimen322
\Fld@charsize=\dimen323
Package hyperref Info: Hyper figures OFF on input line 6027.
Package hyperref Info: Link nesting OFF on input line 6032.
Package hyperref Info: Hyper index ON on input line 6035.
Package hyperref Info: backreferencing OFF on input line 6042.
Package hyperref Info: Link coloring OFF on input line 6047.
Package hyperref Info: Link coloring with OCG OFF on input line 6052.
Package hyperref Info: PDF/A mode OFF on input line 6057.
LaTeX Info: Redefining \ref on input line 6097.
LaTeX Info: Redefining \pageref on input line 6101.

(atbegshi-ltx.sty
Package: atbegshi-ltx 2021/01/10 v1.0c Emulation of the original atbegshi
package with kernel methods
)
\Hy@abspage=\count352
\c@Item=\count353
\c@Hfootnote=\count354
)
Package hyperref Info: Driver (autodetected): hxetex.
 (hxetex.def
File: hxetex.def 2022-02-21 v7.00n Hyperref driver for XeTeX
 (stringenc.sty
Package: stringenc 2019/11/29 v1.12 Convert strings between diff. encodings (HO
)
)
\pdfm@box=\box79
\c@Hy@AnnotLevel=\count355
\HyField@AnnotCount=\count356
\Fld@listcount=\count357
\c@bookmark@seq@number=\count358
 (rerunfilecheck.sty
Package: rerunfilecheck 2019/12/05 v1.9 Rerun checks for auxiliary files (HO)

(atveryend-ltx.sty
Package: atveryend-ltx 2020/08/19 v1.0a Emulation of the original atveryend pac
kage
with kernel methods
) (uniquecounter.sty
Package: uniquecounter 2019/12/15 v1.4 Provide unlimited unique counter (HO)
)
Package uniquecounter Info: New unique counter `rerunfilecheck' on input line 2
86.
)
\Hy@SectionHShift=\skip64
)
Package hyperref Info: Option `colorlinks' set `true' on input line 95.
 (biblatex.sty
Package: biblatex 2022/02/02 v3.17 programmable bibliographies (PK/MW)
 (logreq.sty
Package: logreq 2010/08/04 v1.0 xml request logger
\lrq@indent=\count359
 (logreq.def
File: logreq.def 2010/08/04 v1.0 logreq spec v1.0
)) (ifthen.sty
Package: ifthen 2020/11/24 v1.1c Standard LaTeX ifthen package (DPC)
)
\c@tabx@nest=\count360
\c@listtotal=\count361
\c@listcount=\count362
\c@liststart=\count363
\c@liststop=\count364
\c@citecount=\count365
\c@citetotal=\count366
\c@multicitecount=\count367
\c@multicitetotal=\count368
\c@instcount=\count369
\c@maxnames=\count370
\c@minnames=\count371
\c@maxitems=\count372
\c@minitems=\count373
\c@citecounter=\count374
\c@maxcitecounter=\count375
\c@savedcitecounter=\count376
\c@uniquelist=\count377
\c@uniquename=\count378
\c@refsection=\count379
\c@refsegment=\count380
\c@maxextratitle=\count381
\c@maxextratitleyear=\count382
\c@maxextraname=\count383
\c@maxextradate=\count384
\c@maxextraalpha=\count385
\c@abbrvpenalty=\count386
\c@highnamepenalty=\count387
\c@lownamepenalty=\count388
\c@maxparens=\count389
\c@parenlevel=\count390
\blx@tempcnta=\count391
\blx@tempcntb=\count392
\blx@tempcntc=\count393
\c@blx@maxsection=\count394
\c@blx@maxsegment@0=\count395
\blx@notetype=\count396
\blx@parenlevel@text=\count397
\blx@parenlevel@foot=\count398
\c@blx@sectionciteorder@0=\count399
\blx@entrysetcounter=\count400
\blx@biblioinstance=\count401
\labelnumberwidth=\skip65
\labelalphawidth=\skip66
\biblabelsep=\skip67
\bibitemsep=\skip68
\bibnamesep=\skip69
\bibinitsep=\skip70
\bibparsep=\skip71
\bibhang=\skip72
\blx@bcfin=\read3
\blx@bcfout=\write4
\blx@langwohyphens=\language87
\c@mincomprange=\count402
\c@maxcomprange=\count403
\c@mincompwidth=\count404
Package biblatex Info: Trying to load biblatex default data model...
Package biblatex Info: ... file 'blx-dm.def' found.
 (blx-dm.def
File: blx-dm.def 2022/02/02 v3.17 biblatex localization (PK/MW)
)
Package biblatex Info: Trying to load biblatex style data model...
Package biblatex Info: ... file 'numeric.dbx' not found.
Package biblatex Info: Trying to load biblatex custom data model...
Package biblatex Info: ... file 'biblatex-dm.cfg' not found.
\c@afterword=\count405
\c@savedafterword=\count406
\c@annotator=\count407
\c@savedannotator=\count408
\c@author=\count409
\c@savedauthor=\count410
\c@bookauthor=\count411
\c@savedbookauthor=\count412
\c@commentator=\count413
\c@savedcommentator=\count414
\c@editor=\count415
\c@savededitor=\count416
\c@editora=\count417
\c@savededitora=\count418
\c@editorb=\count419
\c@savededitorb=\count420
\c@editorc=\count421
\c@savededitorc=\count422
\c@foreword=\count423
\c@savedforeword=\count424
\c@holder=\count425
\c@savedholder=\count426
\c@introduction=\count427
\c@savedintroduction=\count428
\c@namea=\count429
\c@savednamea=\count430
\c@nameb=\count431
\c@savednameb=\count432
\c@namec=\count433
\c@savednamec=\count434
\c@translator=\count435
\c@savedtranslator=\count436
\c@shortauthor=\count437
\c@savedshortauthor=\count438
\c@shorteditor=\count439
\c@savedshorteditor=\count440
\c@labelname=\count441
\c@savedlabelname=\count442
\c@institution=\count443
\c@savedinstitution=\count444
\c@lista=\count445
\c@savedlista=\count446
\c@listb=\count447
\c@savedlistb=\count448
\c@listc=\count449
\c@savedlistc=\count450
\c@listd=\count451
\c@savedlistd=\count452
\c@liste=\count453
\c@savedliste=\count454
\c@listf=\count455
\c@savedlistf=\count456
\c@location=\count457
\c@savedlocation=\count458
\c@organization=\count459
\c@savedorganization=\count460
\c@origlocation=\count461
\c@savedoriglocation=\count462
\c@origpublisher=\count463
\c@savedorigpublisher=\count464
\c@publisher=\count465
\c@savedpublisher=\count466
\c@language=\count467
\c@savedlanguage=\count468
\c@origlanguage=\count469
\c@savedoriglanguage=\count470
\c@pageref=\count471
\c@savedpageref=\count472
\shorthandwidth=\skip73
\shortjournalwidth=\skip74
\shortserieswidth=\skip75
\shorttitlewidth=\skip76
\shortauthorwidth=\skip77
\shorteditorwidth=\skip78
\locallabelnumberwidth=\skip79
\locallabelalphawidth=\skip80
\localshorthandwidth=\skip81
\localshortjournalwidth=\skip82
\localshortserieswidth=\skip83
\localshorttitlewidth=\skip84
\localshortauthorwidth=\skip85
\localshorteditorwidth=\skip86
Package biblatex Info: Trying to load enhanced support for Unicode engines...
Package biblatex Info: ... file 'blx-unicode.def' found.
 (blx-unicode.def)
Package biblatex Info: Trying to load compatibility code...
Package biblatex Info: ... file 'blx-compat.def' found.
 (blx-compat.def
File: blx-compat.def 2022/02/02 v3.17 biblatex compatibility (PK/MW)
)
Package biblatex Info: Trying to load generic definitions...
Package biblatex Info: ... file 'biblatex.def' found.
 (biblatex.def
File: biblatex.def 2022/02/02 v3.17 biblatex compatibility (PK/MW)
\c@textcitecount=\count473
\c@textcitetotal=\count474
\c@textcitemaxnames=\count475
\c@biburlbigbreakpenalty=\count476
\c@biburlbreakpenalty=\count477
\c@biburlnumpenalty=\count478
\c@biburlucpenalty=\count479
\c@biburllcpenalty=\count480
\biburlbigskip=\muskip18
\biburlnumskip=\muskip19
\biburlucskip=\muskip20
\biburllcskip=\muskip21
\c@smartand=\count481
)
Package biblatex Info: Trying to load bibliography style 'numeric'...
Package biblatex Info: ... file 'numeric.bbx' found.

(numeric.bbx
File: numeric.bbx 2022/02/02 v3.17 biblatex bibliography style (PK/MW)
Package biblatex Info: Trying to load bibliography style 'standard'...
Package biblatex Info: ... file 'standard.bbx' found.
 (standard.bbx
File: standard.bbx 2022/02/02 v3.17 biblatex bibliography style (PK/MW)
\c@bbx:relatedcount=\count482
\c@bbx:relatedtotal=\count483
))
Package biblatex Info: Trying to load citation style 'numeric'...
Package biblatex Info: ... file 'numeric.cbx' found.
 (numeric.cbx
File: numeric.cbx 2022/02/02 v3.17 biblatex citation style (PK/MW)
Package biblatex Info: Redefining '\cite'.
Package biblatex Info: Redefining '\parencite'.
Package biblatex Info: Redefining '\footcite'.
Package biblatex Info: Redefining '\footcitetext'.
Package biblatex Info: Redefining '\smartcite'.
Package biblatex Info: Redefining '\supercite'.
Package biblatex Info: Redefining '\textcite'.
Package biblatex Info: Redefining '\textcites'.
Package biblatex Info: Redefining '\cites'.
Package biblatex Info: Redefining '\parencites'.
Package biblatex Info: Redefining '\smartcites'.
)
Package biblatex Info: Trying to load configuration file...
Package biblatex Info: ... file 'biblatex.cfg' found.
 (biblatex.cfg
File: biblatex.cfg 
)
Package biblatex Info: XeTeX detected.
(biblatex)             Assuming input encoding 'utf8'.
Package biblatex Info: Document encoding is UTF8 ....
Package biblatex Info: ... and expl3
(biblatex)             2022-02-24 L3 programming layer (loader) 
(biblatex)             is new enough (at least 2020/04/06),
(biblatex)             setting 'casechanger=expl3'.
 (blx-case-expl3.sty
Package: blx-case-expl3 2022/02/02 v3.17 expl3 case changing code for biblatex
))
\@quotelevel=\count484
\@quotereset=\count485
No file main.aux.
\openout1 = `main.aux'.

LaTeX Font Info:    Checking defaults for OML/cmm/m/it on input line 171.
LaTeX Font Info:    ... okay on input line 171.
LaTeX Font Info:    Checking defaults for OMS/cmsy/m/n on input line 171.
LaTeX Font Info:    ... okay on input line 171.
LaTeX Font Info:    Checking defaults for OT1/cmr/m/n on input line 171.
LaTeX Font Info:    ... okay on input line 171.
LaTeX Font Info:    Checking defaults for T1/cmr/m/n on input line 171.
LaTeX Font Info:    ... okay on input line 171.
LaTeX Font Info:    Checking defaults for TS1/cmr/m/n on input line 171.
LaTeX Font Info:    Trying to load font information for TS1+cmr on input line 1
71.
(ts1cmr.fd
File: ts1cmr.fd 2019/12/16 v2.5j Standard LaTeX font definitions
)
LaTeX Font Info:    ... okay on input line 171.
LaTeX Font Info:    Checking defaults for TU/lmr/m/n on input line 171.
LaTeX Font Info:    ... okay on input line 171.
LaTeX Font Info:    Checking defaults for OMX/cmex/m/n on input line 171.
LaTeX Font Info:    ... okay on input line 171.
LaTeX Font Info:    Checking defaults for U/cmr/m/n on input line 171.
LaTeX Font Info:    ... okay on input line 171.
LaTeX Font Info:    Checking defaults for PD1/pdf/m/n on input line 171.
LaTeX Font Info:    ... okay on input line 171.
LaTeX Font Info:    Checking defaults for PU/pdf/m/n on input line 171.
LaTeX Font Info:    ... okay on input line 171.

Package fontspec Info: Adjusting the maths setup (use [no-math] to avoid
(fontspec)             this).

\symlegacymaths=\mathgroup6
LaTeX Font Info:    Overwriting symbol font `legacymaths' in version `bold'
(Font)                  OT1/cmr/m/n --> OT1/cmr/bx/n on input line 171.
LaTeX Font Info:    Redeclaring math accent \acute on input line 171.
LaTeX Font Info:    Redeclaring math accent \grave on input line 171.
LaTeX Font Info:    Redeclaring math accent \ddot on input line 171.
LaTeX Font Info:    Redeclaring math accent \tilde on input line 171.
LaTeX Font Info:    Redeclaring math accent \bar on input line 171.
LaTeX Font Info:    Redeclaring math accent \breve on input line 171.
LaTeX Font Info:    Redeclaring math accent \check on input line 171.
LaTeX Font Info:    Redeclaring math accent \hat on input line 171.
LaTeX Font Info:    Redeclaring math accent \dot on input line 171.
LaTeX Font Info:    Redeclaring math accent \mathring on input line 171.
LaTeX Font Info:    Redeclaring math symbol \Gamma on input line 171.
LaTeX Font Info:    Redeclaring math symbol \Delta on input line 171.
LaTeX Font Info:    Redeclaring math symbol \Theta on input line 171.
LaTeX Font Info:    Redeclaring math symbol \Lambda on input line 171.
LaTeX Font Info:    Redeclaring math symbol \Xi on input line 171.
LaTeX Font Info:    Redeclaring math symbol \Pi on input line 171.
LaTeX Font Info:    Redeclaring math symbol \Sigma on input line 171.
LaTeX Font Info:    Redeclaring math symbol \Upsilon on input line 171.
LaTeX Font Info:    Redeclaring math symbol \Phi on input line 171.
LaTeX Font Info:    Redeclaring math symbol \Psi on input line 171.
LaTeX Font Info:    Redeclaring math symbol \Omega on input line 171.
LaTeX Font Info:    Redeclaring math symbol \mathdollar on input line 171.
LaTeX Font Info:    Redeclaring symbol font `operators' on input line 171.
LaTeX Font Info:    Encoding `OT1' has changed to `TU' for symbol font
(Font)              `operators' in the math version `normal' on input line 171.

LaTeX Font Info:    Overwriting symbol font `operators' in version `normal'
(Font)                  OT1/cmr/m/n --> TU/THSarabunNew(0)/m/n on input line 17
1.
LaTeX Font Info:    Encoding `OT1' has changed to `TU' for symbol font
(Font)              `operators' in the math version `bold' on input line 171.
LaTeX Font Info:    Overwriting symbol font `operators' in version `bold'
(Font)                  OT1/cmr/bx/n --> TU/THSarabunNew(0)/m/n on input line 1
71.
LaTeX Font Info:    Overwriting symbol font `operators' in version `normal'
(Font)                  TU/THSarabunNew(0)/m/n --> TU/THSarabunNew(0)/m/n on in
put line 171.
LaTeX Font Info:    Overwriting math alphabet `\mathit' in version `normal'
(Font)                  OT1/cmr/m/it --> TU/THSarabunNew(0)/m/it on input line 
171.
LaTeX Font Info:    Overwriting math alphabet `\mathbf' in version `normal'
(Font)                  OT1/cmr/bx/n --> TU/THSarabunNew(0)/b/n on input line 1
71.
LaTeX Font Info:    Overwriting math alphabet `\mathsf' in version `normal'
(Font)                  OT1/cmss/m/n --> TU/lmss/m/n on input line 171.
LaTeX Font Info:    Overwriting math alphabet `\mathtt' in version `normal'
(Font)                  OT1/cmtt/m/n --> TU/Menlo(0)/m/n on input line 171.
LaTeX Font Info:    Overwriting symbol font `operators' in version `bold'
(Font)                  TU/THSarabunNew(0)/m/n --> TU/THSarabunNew(0)/b/n on in
put line 171.
LaTeX Font Info:    Overwriting math alphabet `\mathit' in version `bold'
(Font)                  OT1/cmr/bx/it --> TU/THSarabunNew(0)/b/it on input line
 171.
LaTeX Font Info:    Overwriting math alphabet `\mathsf' in version `bold'
(Font)                  OT1/cmss/bx/n --> TU/lmss/b/n on input line 171.
LaTeX Font Info:    Overwriting math alphabet `\mathtt' in version `bold'
(Font)                  OT1/cmtt/m/n --> TU/Menlo(0)/b/n on input line 171.

*geometry* driver: auto-detecting
*geometry* detected driver: xetex
*geometry* verbose mode - [ preamble ] result:
* driver: xetex
* paper: a4paper
* layout: <same size as paper>
* layoutoffset:(h,v)=(0.0pt,0.0pt)
* modes: 
* h-part:(L,W,R)=(99.58464pt, 426.79135pt, 71.13188pt)
* v-part:(T,H,B)=(85.35826pt, 688.5567pt, 71.13188pt)
* \paperwidth=597.50787pt
* \paperheight=845.04684pt
* \textwidth=426.79135pt
* \textheight=688.5567pt
* \oddsidemargin=27.31465pt
* \evensidemargin=27.31465pt
* \topmargin=-23.91173pt
* \headheight=12.0pt
* \headsep=25.0pt
* \topskip=12.0pt
* \footskip=30.0pt
* \marginparwidth=35.0pt
* \marginparsep=10.0pt
* \columnsep=10.0pt
* \skip\footins=10.8pt plus 4.0pt minus 2.0pt
* \hoffset=0.0pt
* \voffset=0.0pt
* \mag=1000
* \@twocolumnfalse
* \@twosidefalse
* \@mparswitchfalse
* \@reversemarginfalse
* (1in=72.27pt=25.4mm, 1cm=28.453pt)

Package caption Info: Begin \AtBeginDocument code.
Package caption Info: float package is loaded.
Package caption Info: hyperref package is loaded.
Package caption Info: listings package is loaded.
Package caption Info: End \AtBeginDocument code.
\c@lstlisting=\count486
Package pgfplots notification 'compat/show suggested version=true': document ha
s been generated with the most recent feature set (\pgfplotsset{compat=1.18}).

Package hyperref Info: Link coloring ON on input line 171.
(nameref.sty
Package: nameref 2021-04-02 v2.47 Cross-referencing by name of section
 (refcount.sty
Package: refcount 2019/12/15 v3.6 Data extraction from label references (HO)
) (gettitlestring.sty
Package: gettitlestring 2019/12/15 v1.6 Cleanup title references (HO)
)
\c@section@level=\count487
)
LaTeX Info: Redefining \ref on input line 171.
LaTeX Info: Redefining \pageref on input line 171.
LaTeX Info: Redefining \nameref on input line 171.
\@outlinefile=\write5
\openout5 = `main.out'.



Package hyperref Warning: Rerun to get /PageLabels entry.

Package biblatex Info: Trying to load language 'american'...
Package biblatex Info: ... file 'american.lbx' found.
(american.lbx
File: american.lbx 2022/02/02 v3.17 biblatex localization (PK/MW)
Package biblatex Info: Trying to load language 'english'...
Package biblatex Info: ... file 'english.lbx' found.
 (english.lbx
File: english.lbx 2022/02/02 v3.17 biblatex localization (PK/MW)
)
Package biblatex Info: Trying to load language 'english'...
Package biblatex Info: ... file 'english.lbx' found.
 (english.lbx
File: english.lbx 2022/02/02 v3.17 biblatex localization (PK/MW)
))
Package biblatex Info: Trying to load language 'thai'...
Package biblatex Info: ... file 'thai.lbx' not found.


Package biblatex Warning: Language 'thai' not supported.
(biblatex)                Using dummy definitions on input line 171.

Package biblatex Info: XeTeX detected.
(biblatex)             Assuming input encoding 'utf8'.
Package biblatex Info: Automatic encoding selection.
(biblatex)             Assuming data encoding 'utf8'.
\openout4 = `main.bcf'.

Package biblatex Info: Trying to load bibliographic data...
Package biblatex Info: ... file 'main.bbl' not found.
No file main.bbl.
Package biblatex Info: Reference section=0 on input line 171.
Package biblatex Info: Reference segment=0 on input line 171.
LaTeX Info: Redefining \rmfamily on input line 171.
LaTeX Info: Redefining \sffamily on input line 171.
LaTeX Info: Redefining \ttfamily on input line 171.
LaTeX Info: Redefining \rmfamily on input line 171.
LaTeX Info: Redefining \sffamily on input line 171.
LaTeX Info: Redefining \ttfamily on input line 171.

Package fontspec Info: Font family 'THSarabunNew(2)' created for font
(fontspec)             'THSarabunNew' with options
(fontspec)             [Ligatures=TeX,Path=./fonts/,UprightFont=THSarabunNew.tt
f,BoldFont=THSarabunNew-Bold.ttf,ItalicFont=THSarabunNew-Italic.ttf,BoldItalicF
ont=THSarabunNew-BoldItalic.ttf,Scale=1.4,Ligatures=TeX,Script=Thai].
(fontspec)              
(fontspec)              This font family consists of the following NFSS
(fontspec)             series/shapes:
(fontspec)              
(fontspec)             - 'normal' (m/n) with NFSS spec.:
(fontspec)             <->s*[1.4]"[./fonts/THSarabunNew.ttf]/OT:script=thai;lan
guage=dflt;mapping=tex-text;"
(fontspec)             - 'small caps'  (m/sc) with NFSS spec.: 
(fontspec)             - 'bold' (b/n) with NFSS spec.:
(fontspec)             <->s*[1.4]"[./fonts/THSarabunNew-Bold.ttf]/OT:script=tha
i;language=dflt;mapping=tex-text;"
(fontspec)             - 'bold small caps'  (b/sc) with NFSS spec.: 
(fontspec)             - 'italic' (m/it) with NFSS spec.:
(fontspec)             <->s*[1.4]"[./fonts/THSarabunNew-Italic.ttf]/OT:script=t
hai;language=dflt;mapping=tex-text;"
(fontspec)             - 'italic small caps'  (m/scit) with NFSS spec.: 
(fontspec)             - 'bold italic' (b/it) with NFSS spec.:
(fontspec)             <->s*[1.4]"[./fonts/THSarabunNew-BoldItalic.ttf]/OT:scri
pt=thai;language=dflt;mapping=tex-text;"
(fontspec)             - 'bold italic small caps'  (b/scit) with NFSS spec.: 

LaTeX Font Info:    Font shape `TU/THSarabunNew(2)/m/n' will be
(Font)              scaled to size 16.79993pt on input line 171.
\thai@year=\count488
(frontmatter/cover
LaTeX Font Info:    Font shape `TU/THSarabunNew(2)/m/n' will be
(Font)              scaled to size 24.19188pt on input line 6.
LaTeX Font Info:    Font shape `TU/THSarabunNew(2)/b/n' will be
(Font)              scaled to size 24.19188pt on input line 6.
LaTeX Font Info:    Font shape `TU/THSarabunNew(2)/m/n' will be
(Font)              scaled to size 20.1599pt on input line 9.
LaTeX Font Info:    Font shape `TU/THSarabunNew(2)/b/n' will be
(Font)              scaled to size 20.1599pt on input line 15.
LaTeX Font Info:    Font shape `TU/THSarabunNew(0)/m/n' will be
(Font)              scaled to size 11.19995pt on input line 17.
LaTeX Font Info:    Font shape `TU/THSarabunNew(0)/m/n' will be
(Font)              scaled to size 8.39996pt on input line 17.
LaTeX Font Info:    Trying to load font information for U+msa on input line 17.

 (umsa.fd
File: umsa.fd 2013/01/14 v3.01 AMS symbols A
)
LaTeX Font Info:    Trying to load font information for U+msb on input line 17.

 (umsb.fd
File: umsb.fd 2013/01/14 v3.01 AMS symbols B
) [1

]) (frontmatter/abstract-th
LaTeX Font Info:    Font shape `TU/THSarabunNew(2)/m/n' will be
(Font)              scaled to size 34.83185pt on input line 2.
LaTeX Font Info:    Font shape `TU/THSarabunNew(2)/b/n' will be
(Font)              scaled to size 34.83185pt on input line 2.
LaTeX Font Info:    Font shape `TU/THSarabunNew(2)/b/n' will be
(Font)              scaled to size 16.79993pt on input line 5.

Underfull \hbox (badness 10000) in paragraph at lines 5--8

 []

[2

] [3]) (frontmatter/abstract-en
Underfull \hbox (badness 1546) in paragraph at lines 5--8
\TU/THSarabunNew(2)/b/n/12 Title: \TU/THSarabunNew(2)/m/n/12 Development of an 
Automated System for Calculating Unit Costs of
 []


Underfull \hbox (badness 10000) in paragraph at lines 5--8

 []


Underfull \hbox (badness 1824) in paragraph at lines 9--20
[]\TU/THSarabunNew(2)/m/n/12 Construction cost estimation is a critical activit
y in project management,
 []

[4

] [5]) (frontmatter/acknowledgement [6

])
\tf@toc=\write6
\openout6 = `main.toc'.

 [7

]
\tf@lof=\write7
\openout7 = `main.lof'.

 [8

]
\tf@lot=\write8
\openout8 = `main.lot'.

 (frontmatter/abbreviations
[9

]

Package longtable Warning: Column widths have changed
(longtable)                in table 1 on input line 38.

) (chapters/01-introduction [10

]
บทที่ 1.

LaTeX Warning: Citation 'sirieawphikul2024' on page 11 undefined on input line 
10.


LaTeX Warning: Citation 'ashworth2013' on page 11 undefined on input line 17.


LaTeX Warning: Citation 'crone1992' on page 11 undefined on input line 22.


LaTeX Warning: Citation 'leung2005' on page 11 undefined on input line 22.


LaTeX Warning: Citation 'tpso2569' on page 11 undefined on input line 27.


LaTeX Warning: Citation 'cgd2569' on page 11 undefined on input line 29.


LaTeX Warning: Citation 'leung2005' on page 11 undefined on input line 36.


LaTeX Warning: Citation 'benchanakatkun2014' on page 11 undefined on input line
 39.

[11

]

LaTeX Warning: Citation 'elmohr2022' on page 12 undefined on input line 46.


LaTeX Warning: Citation 'benchanakatkun2014' on page 12 undefined on input line
 52.


LaTeX Warning: Citation 'rao2015' on page 12 undefined on input line 56.


LaTeX Warning: Citation 'chunyaem2019' on page 12 undefined on input line 56.


LaTeX Warning: Citation 'rao2015' on page 12 undefined on input line 86.


LaTeX Warning: Citation 'chunyaem2019' on page 12 undefined on input line 93.

[12]

LaTeX Warning: Citation 'tpso2569' on page 13 undefined on input line 98.


Underfull \hbox (badness 1087) in paragraph at lines 95--100
\TU/THSarabunNew(2)/m/n/12 ราคา วัสดุ เปลี่ยนแปลง ตาม ภาวะ ตลาด ต้นทุน พลังงาน 
และ ค่า ขนส่ง ใน ขณะ ที่ ราคา
 []


LaTeX Warning: Citation 'rao2015' on page 13 undefined on input line 113.


LaTeX Warning: Citation 'chunyaem2019' on page 13 undefined on input line 121.


LaTeX Warning: Citation 'cgd2569' on page 13 undefined on input line 125.


LaTeX Warning: Citation 'lee2024' on page 13 undefined on input line 133.


LaTeX Warning: Citation 'liu2024' on page 13 undefined on input line 133.

[13]
Underfull \hbox (badness 10000) in paragraph at lines 160--164
[]\TU/THSarabunNew(2)/m/n/12 เพื่อ ออกแบบ กระบวนการ จับ คู่ รายการ วัสดุ ข้าม แ
หล่ง ข้อมูล (Cross-source
 []


Underfull \hbox (badness 7238) in paragraph at lines 160--164
\TU/THSarabunNew(2)/m/n/12 Canonicalization) และ การ แปลง หน่วย มาตรฐาน (Unit S
tandardization) ให้
 []


LaTeX Warning: Reference `sec:scope' on page 14 undefined on input line 168.


LaTeX Warning: Citation 'lee2024' on page 14 undefined on input line 175.

[14]

LaTeX Warning: Reference `sec:retailer-selection' on page 15 undefined on input
 line 209.


Underfull \hbox (badness 1902) in paragraph at lines 234--236
[]\TU/THSarabunNew(2)/m/n/12 งาน เสา เอ็น และ คาน ทับ หลัง คอนกรีตเสริมเหล็ก (R
einforced Concrete Stiffener
 []


LaTeX Warning: Reference `sec:work-type-selection' on page 15 undefined on inpu
t line 243.

[15]

LaTeX Warning: Citation 'tpso2569' on page 16 undefined on input line 256.

LaTeX Font Info:    Font shape `TU/THSarabunNew(1)/m/n' will be
(Font)              scaled to size 15.60004pt on input line 267.

LaTeX Warning: Citation 'rao2015' on page 16 undefined on input line 290.


LaTeX Warning: Citation 'chunyaem2019' on page 16 undefined on input line 290.


LaTeX Warning: Citation 'liu2024' on page 16 undefined on input line 290.

[16] [17]) (chapters/02-literature-review [18]
บทที่ 2.

LaTeX Warning: Citation 'ashworth2013' on page 19 undefined on input line 20.

[19

]

LaTeX Warning: Citation 'ashworth2015' on page 20 undefined on input line 40.


LaTeX Warning: Citation 'elmohr2022' on page 20 undefined on input line 40.


LaTeX Warning: Citation 'ashworth2013' on page 20 undefined on input line 48.


LaTeX Warning: Citation 'benchanakatkun2014' on page 20 undefined on input line
 64.


LaTeX Warning: Citation 'ashworth2015' on page 20 undefined on input line 70.


LaTeX Warning: Citation 'ashworth2015' on page 20 undefined on input line 78.


LaTeX Warning: Citation 'crone1992' on page 20 undefined on input line 78.

LaTeX Font Info:    Font shape `TU/THSarabunNew(2)/m/it' will be
(Font)              scaled to size 16.79993pt on input line 80.
[20]

LaTeX Warning: Citation 'leung2005' on page 21 undefined on input line 93.


LaTeX Warning: Citation 'ashworth2015' on page 21 undefined on input line 100.


LaTeX Warning: Citation 'lee2024' on page 21 undefined on input line 121.

LaTeX Font Info:    Font shape `TU/THSarabunNew(2)/m/n' will be
(Font)              scaled to size 11.19995pt on input line 127.
LaTeX Font Info:    Font shape `TU/THSarabunNew(2)/m/n' will be
(Font)              scaled to size 8.39996pt on input line 127.
[21]

LaTeX Warning: Citation 'cgd2569' on page 22 undefined on input line 143.


Underfull \hbox (badness 2042) in paragraph at lines 142--144
\TU/THSarabunNew(2)/m/n/12 ตัวอย่าง ต่อ ไป นี้ นำ มา จาก หลัก เกณฑ์ การ คำนวณ ร
าคา กลาง งาน ก่อสร้าง ของ ทาง ราชการ
 []


LaTeX Warning: Citation 'benchanakatkun2014' on page 22 undefined on input line
 183.


LaTeX Warning: Citation 'elmohr2022' on page 22 undefined on input line 183.


Underfull \hbox (badness 1168) in paragraph at lines 181--185
\TU/THSarabunNew(2)/m/n/12 แม้ กระบวนการ คำนวณ ต้นทุน ต่อ หน่วย จะ มี หลัก การ 
ที่ ชัดเจน แต่ ใน ทาง ปฏิบัติ ผู้ ประมาณ
 []


Underfull \hbox (badness 10000) in paragraph at lines 181--185
\TU/THSarabunNew(2)/m/n/12 ราคา ใน ประเทศไทย ยัง เผชิญ ข้อ จำกัด สำคัญ หลาย ประ
การ ใน การ สืบค้น ราคา วัสดุ
 []

[22]

LaTeX Warning: Citation 'nextjs2025' on page 23 undefined on input line 222.


LaTeX Warning: Citation 'cloudflare2025' on page 23 undefined on input line 226
.


LaTeX Warning: Citation 'chunyaem2019' on page 23 undefined on input line 236.

[23]

LaTeX Warning: Citation 'rao2015' on page 24 undefined on input line 248.


LaTeX Warning: Citation 'cloudflare2025' on page 24 undefined on input line 268
.


LaTeX Warning: Citation 'rao2015' on page 24 undefined on input line 279.


LaTeX Warning: Citation 'chunyaem2019' on page 24 undefined on input line 287.

[24]

LaTeX Warning: Citation 'liu2024' on page 25 undefined on input line 294.


LaTeX Warning: Citation 'lee2024' on page 25 undefined on input line 301.


LaTeX Warning: Citation 'elmohr2022' on page 25 undefined on input line 306.


LaTeX Warning: Citation 'yao2023' on page 25 undefined on input line 311.


LaTeX Warning: Citation 'nakano2022' on page 25 undefined on input line 319.


LaTeX Warning: Reference `tab:related-work-matrix' on page 25 undefined on inpu
t line 327.

LaTeX Font Info:    Font shape `TU/THSarabunNew(2)/m/n' will be
(Font)              scaled to size 13.99994pt on input line 332.
LaTeX Font Info:    Font shape `TU/THSarabunNew(0)/m/n' will be
(Font)              scaled to size 13.99994pt on input line 333.
LaTeX Font Info:    Font shape `TU/THSarabunNew(0)/m/n' will be
(Font)              scaled to size 9.79996pt on input line 335.
LaTeX Font Info:    Font shape `TU/THSarabunNew(0)/m/n' will be
(Font)              scaled to size 6.99997pt on input line 335.
LaTeX Font Info:    Font shape `TU/THSarabunNew(2)/b/n' will be
(Font)              scaled to size 13.99994pt on input line 337.
[25]) (chapters/03-methodology [26]
บทที่ 3.

Underfull \hbox (badness 1117) in paragraph at lines 23--26
[]\TU/THSarabunNew(2)/b/n/12 ระยะ ออกแบบ สถาปัตยกรรม ระบบ (System Architecture 
Design Phase) \TU/THSarabunNew(2)/m/n/12 —
 []


Underfull \hbox (badness 1024) in paragraph at lines 30--33
\TU/THSarabunNew(2)/m/n/12 ทดสอบ การ ทำงาน ของ ระบบ ใน ระดับ หน่วย ย่อย (Unit T
est) และ ระ ดับ บูรณ า การ
 []

[27

]

LaTeX Warning: Reference `tab:retailer-selection' on page 28 undefined on input
 line 70.

LaTeX Font Info:    Font shape `TU/THSarabunNew(2)/m/n' will be
(Font)              scaled to size 15.32993pt on input line 76.
[28]

LaTeX Warning: Citation 'cgd2569' on page 29 undefined on input line 111.


LaTeX Warning: Citation 'cloudflare2025' on page 29 undefined on input line 135
.


LaTeX Warning: Reference `tab:layers' on page 29 undefined on input line 142.


Underfull \hbox (badness 10000) in paragraph at lines 158--158
[]|\TU/THSarabunNew(2)/m/n/12 Canonicalization + Unit
 []


Underfull \hbox (badness 3417) in paragraph at lines 158--158
[]|\TU/THSarabunNew(2)/m/n/12 TypeScript: brand/ size/ grade
 []


Underfull \hbox (badness 10000) in paragraph at lines 158--158
[]|\TU/THSarabunNew(2)/m/n/12 เก็บ ใน KV cache + history
 []

[29] (figures/architecture-diagram
LaTeX Font Info:    Font shape `TU/THSarabunNew(2)/b/n' will be
(Font)              scaled to size 11.19995pt on input line 16.
)

LaTeX Warning: Reference `tab:tech-stack' on page 30 undefined on input line 16
5.


Underfull \hbox (badness 10000) in paragraph at lines 198--198
[]|\TU/THSarabunNew(2)/m/n/10.95 React-native, ทำงาน ร่วม กับ
 []


Underfull \hbox (badness 10000) in paragraph at lines 198--198
[]|\TU/THSarabunNew(1)/m/n/10.95 @cloudflare/ puppeteer \TU/THSarabunNew(2)/m/n
/10.95 +
 []


Underfull \hbox (badness 2970) in paragraph at lines 198--198
[]|\TU/THSarabunNew(2)/m/n/10.95 Native CI/ CD integration, ฟรี
 []

[30]

LaTeX Warning: Citation 'cloudflare2025' on page 31 undefined on input line 204
.


LaTeX Warning: Citation 'nextjs2025' on page 31 undefined on input line 204.


LaTeX Warning: Reference `tab:kv-schema' on page 31 undefined on input line 217
.


Underfull \hbox (badness 10000) in paragraph at lines 231--231
[]|\TU/THSarabunNew(1)/m/n/12 {source}: {materialId}:
 []


Underfull \hbox (badness 7326) in paragraph at lines 231--231
[]|\TU/THSarabunNew(1)/m/n/12 history: {source}: {materialId}:
 []


Underfull \hbox (badness 10000) in paragraph at lines 231--231
[]|\TU/THSarabunNew(2)/m/n/12 CalcResult + savedAt
 []

[31]

LaTeX Warning: Reference `tab:star-schema' on page 32 undefined on input line 2
49.

(figures/pipeline-diagram) [32] [33]
LaTeX Font Info:    Font shape `TU/THSarabunNew(1)/b/n' will be
(Font)              scaled to size 15.60004pt on input line 295.
Package hyperref Info: bookmark level for unknown lstlisting defaults to 0 on i
nput line 303.
LaTeX Font Info:    Font shape `TU/THSarabunNew(1)/m/n' will be
(Font)              scaled to size 13.00003pt on input line 303.
LaTeX Font Info:    Font shape `TU/THSarabunNew(1)/b/n' will be
(Font)              scaled to size 13.00003pt on input line 304.


LaTeX Font Warning: Font shape `TU/THSarabunNew(1)/m/it' undefined
(Font)              using `TU/THSarabunNew(1)/m/n' instead on input line 304.

LaTeX Font Info:    Font shape `TU/THSarabunNew(1)/m/it' will be
(Font)              scaled to size 13.00003pt on input line 304.

Underfull \hbox (badness 1661) in paragraph at lines 319--325
\TU/THSarabunNew(2)/m/n/12 สำหรับ เว็บไซต์ ที่ block direct scraping (เช่น Thai
 Watsadu, BnB Home) ระบบ ใช้
 []

[34]

LaTeX Warning: Reference `fig:agent-loop' on page 35 undefined on input line 34
9.

(figures/agent-loop-diagram) [35] [36]

LaTeX Warning: Citation 'tpso2569' on page 37 undefined on input line 427.


LaTeX Warning: Reference `tab:coverage-final' on page 37 undefined on input lin
e 433.

(figures/canonicalization-diagram) [37] [38]

LaTeX Warning: Citation 'lee2024' on page 39 undefined on input line 513.


LaTeX Warning: Citation 'lee2024' on page 39 undefined on input line 524.

(figures/chart-outlier
Package pgfplots info on input line 22: Using 'lua backend=false' for axis: x c
oord trafo unsupported.
) [39]

LaTeX Warning: Citation 'cgd2569' on page 40 undefined on input line 532.

[40]

LaTeX Warning: Citation 'ashworth2015' on page 41 undefined on input line 573.


Underfull \hbox (badness 1558) in paragraph at lines 572--575
\TU/THSarabunNew(2)/m/n/12 ใช้ สมการ เชิง เส้น $\OML/cmm/m/it/12 Y \OT1/cmr/m/n
/12 = \OML/cmm/m/it/12 a \OT1/cmr/m/n/12 + \OML/cmm/m/it/12 bX$ \TU/THSarabunNe
w(2)/m/n/12 เพื่อ หา แนว โน้ม การ เปลี่ยนแปลง ของ ราคา ตาม เวลา
 []

[41]) (chapters/04-results [42]
บทที่ 4.

LaTeX Warning: Reference `tab:coverage' on page 43 undefined on input line 25.


Underfull \hbox (badness 10000) in paragraph at lines 50--50
[]|\TU/THSarabunNew(2)/m/n/12 HomePro, MegaHome,
 []


Underfull \hbox (badness 10000) in paragraph at lines 50--50
\TU/THSarabunNew(2)/m/n/12 Boonthavorn, Global House,
 []


Underfull \hbox (badness 1348) in paragraph at lines 50--50
\TU/THSarabunNew(2)/m/n/12 Thai Watsadu, BnB Home, SCG
 []

[43

]

LaTeX Warning: Reference `tab:scrape-status' on page 44 undefined on input line
 57.


Underfull \hbox (badness 1997) in paragraph at lines 79--79
[]|\TU/THSarabunNew(2)/m/n/12 SPA $\OT1/cmr/m/n/12 +$ \TU/THSarabunNew(2)/m/n/1
2 XHR $\OMS/cmsy/m/n/12 !$ \TU/THSarabunNew(2)/m/n/12 AI
 []


Underfull \hbox (badness 1997) in paragraph at lines 79--79
[]|\TU/THSarabunNew(2)/m/n/12 SPA $\OT1/cmr/m/n/12 +$ \TU/THSarabunNew(2)/m/n/1
2 XHR $\OMS/cmsy/m/n/12 !$ \TU/THSarabunNew(2)/m/n/12 AI
 []

[44]
Underfull \hbox (badness 1178) in paragraph at lines 103--105
\TU/THSarabunNew(2)/m/n/12 ตัวอย่าง ผลลัพธ์ จาก การ เรียก endpoint \TU/THSarabu
nNew(1)/m/n/12 / api/ compare/ CEMENT_001? province=10 \TU/THSarabunNew(2)/m/n/
12 (กรุง-
 []

[45] (figures/chart-mt-vs-cgd
Package pgfplots info on input line 19: Using 'lua backend=false' for axis: xmo
de=log unsupported (yet).
Package pgfplots info on input line 19: Using 'lua backend=false' for axis: ymo
de=log unsupported (yet).
) [46] [47]

LaTeX Warning: Reference `tab:cmi-mom' on page 48 undefined on input line 164.


Underfull \hbox (badness 10000) in alignment at lines 186--186
[][][] 
 []

[48]

LaTeX Warning: Reference `tab:regional' on page 49 undefined on input line 212.



Underfull \hbox (badness 10000) in alignment at lines 231--231
[][][] 
 []

(figures/chart-regional-bar
Package pgfplots info on input line 21: Using 'lua backend=false' for axis: x c
oord trafo unsupported.
) [49]
Underfull \hbox (badness 10000) in paragraph at lines 276--276
[]|\TU/THSarabunNew(2)/m/n/12 กระเบื้อง เซรามิค ปู พื้น
 []

[50]

LaTeX Warning: Reference `tab:boq-summary' on page 51 undefined on input line 2
87.


LaTeX Warning: Citation 'cgd2569' on page 51 undefined on input line 303.


Underfull \hbox (badness 1622) in paragraph at lines 303--303
[]|\TU/THSarabunNew(2)/m/n/12 น้ำยา รอง พื้น 1 รอบ $\OT1/cmr/m/n/12 +$ \TU/THSa
rabunNew(2)/m/n/12 สี ทา ภายใน 2 รอบ
 []


LaTeX Warning: Citation 'cgd2569' on page 51 undefined on input line 306.

[51] (chapters/04b-validation
Underfull \hbox (badness 10000) in paragraph at lines 2--2
[]\TU/THSarabunNew(2)/b/n/17.28 การ ทวน สอบ ความ ถูก ต้อง ของ ข้อมูล ราคา (Data

 []


LaTeX Warning: Citation 'cgd2569' on page 52 undefined on input line 16.

[52]

LaTeX Warning: Reference `tab:valid-result' on page 53 undefined on input line 
27.

[53]) (chapters/04c-case-study [54]

LaTeX Warning: Citation 'cgd2569' on page 55 undefined on input line 30.


LaTeX Warning: Reference `tab:case-estimate' on page 55 undefined on input line
 30.


LaTeX Warning: Reference `sec:future-work' on page 55 undefined on input line 6
5.

) [55]
Underfull \hbox (badness 10000) in paragraph at lines 357--357
[]\TU/THSarabunNew(2)/b/n/14.4 ความ ครอบคลุม และ ความ สด ของ ข้อมูล (Coverage a
nd
 []

) (chapters/05-conclusion [56]
บทที่ 5.

Underfull \hbox (badness 3590) in paragraph at lines 13--13
[]\TU/THSarabunNew(2)/b/n/17.28 ข้อมูล เบื้อง ต้น และ สถานะ การ รวบรวม ข้อมูล ข
อง แต่ละ
 []


LaTeX Warning: Reference `tab:source-overview' on page 57 undefined on input li
ne 19.


LaTeX Warning: Reference `tab:source-status' on page 57 undefined on input line
 19.


LaTeX Warning: Reference `tab:source-status' on page 57 undefined on input line
 47.

[57

] [58]

LaTeX Warning: Reference `sec:scope-work-types' on page 59 undefined on input l
ine 118.

[59]

LaTeX Warning: Citation 'rao2015' on page 60 undefined on input line 159.


LaTeX Warning: Citation 'chunyaem2019' on page 60 undefined on input line 159.


LaTeX Warning: Citation 'liu2024' on page 60 undefined on input line 159.


LaTeX Warning: Citation 'lee2024' on page 60 undefined on input line 159.


Underfull \hbox (badness 1158) in paragraph at lines 158--164
\TU/THSarabunNew(2)/m/n/12 จำแนก ประเภท ด้วย ปัญญา ประดิษฐ์ (AI Classification)
, การ ตรวจ จับ ค่า ผิด ปกติ (Outlier
 []

[60]

LaTeX Warning: Citation 'liu2024' on page 61 undefined on input line 246.

[61]

LaTeX Warning: Citation 'elmohr2022' on page 62 undefined on input line 276.

[62])

LaTeX Warning: Empty bibliography on input line 189.

(appendix/A-system-screenshots [63]
ภาคผนวก A.
(figures/screenshot-home
File: figures/screen-home.png Graphic file (type bmp)
<figures/screen-home.png>
)
LaTeX Font Info:    Font shape `TU/THSarabunNew(1)/b/n' will be
(Font)              scaled to size 22.46405pt on input line 14.
 (figures/screenshot-compare
File: figures/screen-compare.png Graphic file (type bmp)
<figures/screen-compare.png>
) [64

]
(figures/screenshot-trend
File: figures/screen-trend.png Graphic file (type bmp)
<figures/screen-trend.png>
) [65] (figures/screenshot-walltile
! Unable to load picture or PDF file 'figures/screen-walltile.png'.
<to be read again> 
                   }
l.4 ....95\textwidth]{figures/screen-walltile.png}
                                                  
Output written on main.xdv (65 pages, 1190848 bytes).
